This is pdfTeX, Version 3.141592653-2.6-1.40.26 (TeX Live 2024) (preloaded format=pdflatex 2024.11.14)  20 FEB 2025 09:42
entering extended mode
 restricted \write18 enabled.
 %&-line parsing enabled.
**_main.tex
(./_main.tex
LaTeX2e <2024-11-01>
L3 programming layer <2024-11-02>
(/home/adam/.TinyTeX/texmf-dist/tex/latex/base/book.cls
Document Class: book 2024/06/29 v1.4n Standard LaTeX document class
(/home/adam/.TinyTeX/texmf-dist/tex/latex/base/bk10.clo
File: bk10.clo 2024/06/29 v1.4n Standard LaTeX file (size option)
)
\c@part=\count196
\c@chapter=\count197
\c@section=\count198
\c@subsection=\count199
\c@subsubsection=\count266
\c@paragraph=\count267
\c@subparagraph=\count268
\c@figure=\count269
\c@table=\count270
\abovecaptionskip=\skip49
\belowcaptionskip=\skip50
\bibindent=\dimen141
) (/home/adam/.TinyTeX/texmf-dist/tex/latex/amsmath/amsmath.sty
Package: amsmath 2024/11/05 v2.17t AMS math features
\@mathmargin=\skip51
For additional information on amsmath, use the `?' option.
(/home/adam/.TinyTeX/texmf-dist/tex/latex/amsmath/amstext.sty
Package: amstext 2021/08/26 v2.01 AMS text
(/home/adam/.TinyTeX/texmf-dist/tex/latex/amsmath/amsgen.sty
File: amsgen.sty 1999/11/30 v2.0 generic functions
\@emptytoks=\toks17
\ex@=\dimen142
)) (/home/adam/.TinyTeX/texmf-dist/tex/latex/amsmath/amsbsy.sty
Package: amsbsy 1999/11/29 v1.2d Bold Symbols
\pmbraise@=\dimen143
) (/home/adam/.TinyTeX/texmf-dist/tex/latex/amsmath/amsopn.sty
Package: amsopn 2022/04/08 v2.04 operator names
)
\inf@bad=\count271
LaTeX Info: Redefining \frac on input line 233.
\uproot@=\count272
\leftroot@=\count273
LaTeX Info: Redefining \overline on input line 398.
LaTeX Info: Redefining \colon on input line 409.
\classnum@=\count274
\DOTSCASE@=\count275
LaTeX Info: Redefining \ldots on input line 495.
LaTeX Info: Redefining \dots on input line 498.
LaTeX Info: Redefining \cdots on input line 619.
\Mathstrutbox@=\box52
\strutbox@=\box53
LaTeX Info: Redefining \big on input line 721.
LaTeX Info: Redefining \Big on input line 722.
LaTeX Info: Redefining \bigg on input line 723.
LaTeX Info: Redefining \Bigg on input line 724.
\big@size=\dimen144
LaTeX Font Info:    Redeclaring font encoding OML on input line 742.
LaTeX Font Info:    Redeclaring font encoding OMS on input line 743.
\macc@depth=\count276
LaTeX Info: Redefining \bmod on input line 904.
LaTeX Info: Redefining \pmod on input line 909.
LaTeX Info: Redefining \smash on input line 939.
LaTeX Info: Redefining \relbar on input line 969.
LaTeX Info: Redefining \Relbar on input line 970.
\c@MaxMatrixCols=\count277
\dotsspace@=\muskip17
\c@parentequation=\count278
\dspbrk@lvl=\count279
\tag@help=\toks18
\row@=\count280
\column@=\count281
\maxfields@=\count282
\andhelp@=\toks19
\eqnshift@=\dimen145
\alignsep@=\dimen146
\tagshift@=\dimen147
\tagwidth@=\dimen148
\totwidth@=\dimen149
\lineht@=\dimen150
\@envbody=\toks20
\multlinegap=\skip52
\multlinetaggap=\skip53
\mathdisplay@stack=\toks21
LaTeX Info: Redefining \[ on input line 2953.
LaTeX Info: Redefining \] on input line 2954.
) (/home/adam/.TinyTeX/texmf-dist/tex/latex/amsfonts/amssymb.sty
Package: amssymb 2013/01/14 v3.01 AMS font symbols
(/home/adam/.TinyTeX/texmf-dist/tex/latex/amsfonts/amsfonts.sty
Package: amsfonts 2013/01/14 v3.01 Basic AMSFonts support
\symAMSa=\mathgroup4
\symAMSb=\mathgroup5
LaTeX Font Info:    Redeclaring math symbol \hbar on input line 98.
LaTeX Font Info:    Overwriting math alphabet `\mathfrak' in version `bold'
(Font)                  U/euf/m/n --> U/euf/b/n on input line 106.
)) (/home/adam/.TinyTeX/texmf-dist/tex/generic/iftex/iftex.sty
Package: iftex 2024/12/12 v1.0g TeX engine tests
) (/home/adam/.TinyTeX/texmf-dist/tex/latex/base/fontenc.sty
Package: fontenc 2021/04/29 v2.0v Standard LaTeX package
) (/home/adam/.TinyTeX/texmf-dist/tex/latex/base/inputenc.sty
Package: inputenc 2024/02/08 v1.3d Input encoding file
\inpenc@prehook=\toks22
\inpenc@posthook=\toks23
) (/home/adam/.TinyTeX/texmf-dist/tex/latex/base/textcomp.sty
Package: textcomp 2024/04/24 v2.1b Standard LaTeX package
) (/home/adam/.TinyTeX/texmf-dist/tex/latex/lm/lmodern.sty
Package: lmodern 2015/05/01 v1.6.1 Latin Modern Fonts
LaTeX Font Info:    Overwriting symbol font `operators' in version `normal'
(Font)                  OT1/cmr/m/n --> OT1/lmr/m/n on input line 22.
LaTeX Font Info:    Overwriting symbol font `letters' in version `normal'
(Font)                  OML/cmm/m/it --> OML/lmm/m/it on input line 23.
LaTeX Font Info:    Overwriting symbol font `symbols' in version `normal'
(Font)                  OMS/cmsy/m/n --> OMS/lmsy/m/n on input line 24.
LaTeX Font Info:    Overwriting symbol font `largesymbols' in version `normal'
(Font)                  OMX/cmex/m/n --> OMX/lmex/m/n on input line 25.
LaTeX Font Info:    Overwriting symbol font `operators' in version `bold'
(Font)                  OT1/cmr/bx/n --> OT1/lmr/bx/n on input line 26.
LaTeX Font Info:    Overwriting symbol font `letters' in version `bold'
(Font)                  OML/cmm/b/it --> OML/lmm/b/it on input line 27.
LaTeX Font Info:    Overwriting symbol font `symbols' in version `bold'
(Font)                  OMS/cmsy/b/n --> OMS/lmsy/b/n on input line 28.
LaTeX Font Info:    Overwriting symbol font `largesymbols' in version `bold'
(Font)                  OMX/cmex/m/n --> OMX/lmex/m/n on input line 29.
LaTeX Font Info:    Overwriting math alphabet `\mathbf' in version `normal'
(Font)                  OT1/cmr/bx/n --> OT1/lmr/bx/n on input line 31.
LaTeX Font Info:    Overwriting math alphabet `\mathsf' in version `normal'
(Font)                  OT1/cmss/m/n --> OT1/lmss/m/n on input line 32.
LaTeX Font Info:    Overwriting math alphabet `\mathit' in version `normal'
(Font)                  OT1/cmr/m/it --> OT1/lmr/m/it on input line 33.
LaTeX Font Info:    Overwriting math alphabet `\mathtt' in version `normal'
(Font)                  OT1/cmtt/m/n --> OT1/lmtt/m/n on input line 34.
LaTeX Font Info:    Overwriting math alphabet `\mathbf' in version `bold'
(Font)                  OT1/cmr/bx/n --> OT1/lmr/bx/n on input line 35.
LaTeX Font Info:    Overwriting math alphabet `\mathsf' in version `bold'
(Font)                  OT1/cmss/bx/n --> OT1/lmss/bx/n on input line 36.
LaTeX Font Info:    Overwriting math alphabet `\mathit' in version `bold'
(Font)                  OT1/cmr/bx/it --> OT1/lmr/bx/it on input line 37.
LaTeX Font Info:    Overwriting math alphabet `\mathtt' in version `bold'
(Font)                  OT1/cmtt/m/n --> OT1/lmtt/m/n on input line 38.
) (/home/adam/.TinyTeX/texmf-dist/tex/latex/xcolor/xcolor.sty
Package: xcolor 2024/09/29 v3.02 LaTeX color extensions (UK)
(/home/adam/.TinyTeX/texmf-dist/tex/latex/graphics-cfg/color.cfg
File: color.cfg 2016/01/02 v1.6 sample color configuration
)
Package xcolor Info: Driver file: pdftex.def on input line 274.
(/home/adam/.TinyTeX/texmf-dist/tex/latex/graphics-def/pdftex.def
File: pdftex.def 2024/04/13 v1.2c Graphics/color driver for pdftex
) (/home/adam/.TinyTeX/texmf-dist/tex/latex/graphics/mathcolor.ltx)
Package xcolor Info: Model `cmy' substituted by `cmy0' on input line 1349.
Package xcolor Info: Model `hsb' substituted by `rgb' on input line 1353.
Package xcolor Info: Model `RGB' extended on input line 1365.
Package xcolor Info: Model `HTML' substituted by `rgb' on input line 1367.
Package xcolor Info: Model `Hsb' substituted by `hsb' on input line 1368.
Package xcolor Info: Model `tHsb' substituted by `hsb' on input line 1369.
Package xcolor Info: Model `HSB' substituted by `hsb' on input line 1370.
Package xcolor Info: Model `Gray' substituted by `gray' on input line 1371.
Package xcolor Info: Model `wave' substituted by `hsb' on input line 1372.
) (/home/adam/.TinyTeX/texmf-dist/tex/latex/fancyvrb/fancyvrb.sty
Package: fancyvrb 2024/01/20 4.5c verbatim text (tvz,hv)
(/home/adam/.TinyTeX/texmf-dist/tex/latex/graphics/keyval.sty
Package: keyval 2022/05/29 v1.15 key=value parser (DPC)
\KV@toks@=\toks24
)
\FV@CodeLineNo=\count283
\FV@InFile=\read2
\FV@TabBox=\box54
\c@FancyVerbLine=\count284
\FV@StepNumber=\count285
\FV@OutFile=\write3
) (/home/adam/.TinyTeX/texmf-dist/tex/latex/framed/framed.sty
Package: framed 2011/10/22 v 0.96: framed or shaded text with page breaks
\OuterFrameSep=\skip54
\fb@frw=\dimen151
\fb@frh=\dimen152
\FrameRule=\dimen153
\FrameSep=\dimen154
) (/home/adam/.TinyTeX/texmf-dist/tex/latex/tools/longtable.sty
Package: longtable 2024-10-27 v4.22 Multi-page Table package (DPC)
\LTleft=\skip55
\LTright=\skip56
\LTpre=\skip57
\LTpost=\skip58
\LTchunksize=\count286
\LTcapwidth=\dimen155
\LT@head=\box55
\LT@firsthead=\box56
\LT@foot=\box57
\LT@lastfoot=\box58
\LT@gbox=\box59
\LT@cols=\count287
\LT@rows=\count288
\c@LT@tables=\count289
\c@LT@chunks=\count290
\LT@p@ftn=\toks25
) (/home/adam/.TinyTeX/texmf-dist/tex/latex/booktabs/booktabs.sty
Package: booktabs 2020/01/12 v1.61803398 Publication quality tables
\heavyrulewidth=\dimen156
\lightrulewidth=\dimen157
\cmidrulewidth=\dimen158
\belowrulesep=\dimen159
\belowbottomsep=\dimen160
\aboverulesep=\dimen161
\abovetopsep=\dimen162
\cmidrulesep=\dimen163
\cmidrulekern=\dimen164
\defaultaddspace=\dimen165
\@cmidla=\count291
\@cmidlb=\count292
\@aboverulesep=\dimen166
\@belowrulesep=\dimen167
\@thisruleclass=\count293
\@lastruleclass=\count294
\@thisrulewidth=\dimen168
) (/home/adam/.TinyTeX/texmf-dist/tex/latex/tools/array.sty
Package: array 2024/10/17 v2.6g Tabular extension package (FMi)
\col@sep=\dimen169
\ar@mcellbox=\box60
\extrarowheight=\dimen170
\NC@list=\toks26
\extratabsurround=\skip59
\backup@length=\skip60
\ar@cellbox=\box61
) (/home/adam/.TinyTeX/texmf-dist/tex/latex/tools/calc.sty
Package: calc 2023/07/08 v4.3 Infix arithmetic (KKT,FJ)
\calc@Acount=\count295
\calc@Bcount=\count296
\calc@Adimen=\dimen171
\calc@Bdimen=\dimen172
\calc@Askip=\skip61
\calc@Bskip=\skip62
LaTeX Info: Redefining \setlength on input line 80.
LaTeX Info: Redefining \addtolength on input line 81.
\calc@Ccount=\count297
\calc@Cskip=\skip63
) (/home/adam/.TinyTeX/texmf-dist/tex/latex/etoolbox/etoolbox.sty
Package: etoolbox 2025/02/11 v2.5l e-TeX tools for LaTeX (JAW)
\etb@tempcnta=\count298
) (/home/adam/.TinyTeX/texmf-dist/tex/latex/mdwtools/footnote.sty
Package: footnote 1997/01/28 1.13 Save footnotes around boxes
\fn@notes=\box62
\fn@width=\dimen173
) (/home/adam/.TinyTeX/texmf-dist/tex/latex/graphics/graphicx.sty
Package: graphicx 2021/09/16 v1.2d Enhanced LaTeX Graphics (DPC,SPQR)
(/home/adam/.TinyTeX/texmf-dist/tex/latex/graphics/graphics.sty
Package: graphics 2024/08/06 v1.4g Standard LaTeX Graphics (DPC,SPQR)
(/home/adam/.TinyTeX/texmf-dist/tex/latex/graphics/trig.sty
Package: trig 2023/12/02 v1.11 sin cos tan (DPC)
) (/home/adam/.TinyTeX/texmf-dist/tex/latex/graphics-cfg/graphics.cfg
File: graphics.cfg 2016/06/04 v1.11 sample graphics configuration
)
Package graphics Info: Driver file: pdftex.def on input line 106.
)
\Gin@req@height=\dimen174
\Gin@req@width=\dimen175
)
\cslhangindent=\skip64
\csllabelwidth=\skip65
(/home/adam/.TinyTeX/texmf-dist/tex/latex/tikz-cd/tikz-cd.sty
Package: tikz-cd 2021/05/04 v1.0 Commutative diagrams with TikZ
(/home/adam/.TinyTeX/texmf-dist/tex/latex/pgf/frontendlayer/tikz.sty (/home/adam/.TinyTeX/texmf-dist/tex/latex/pgf/basiclayer/pgf.sty (/home/adam/.TinyTeX/texmf-dist/tex/latex/pgf/utilities/pgfrcs.sty (/home/adam/.TinyTeX/texmf-dist/tex/generic/pgf/utilities/pgfutil-common.tex
\pgfutil@everybye=\toks27
\pgfutil@tempdima=\dimen176
\pgfutil@tempdimb=\dimen177
) (/home/adam/.TinyTeX/texmf-dist/tex/generic/pgf/utilities/pgfutil-latex.def
\pgfutil@abb=\box63
) (/home/adam/.TinyTeX/texmf-dist/tex/generic/pgf/utilities/pgfrcs.code.tex (/home/adam/.TinyTeX/texmf-dist/tex/generic/pgf/pgf.revision.tex)
Package: pgfrcs 2023-01-15 v3.1.10 (3.1.10)
))
Package: pgf 2023-01-15 v3.1.10 (3.1.10)
(/home/adam/.TinyTeX/texmf-dist/tex/latex/pgf/basiclayer/pgfcore.sty (/home/adam/.TinyTeX/texmf-dist/tex/latex/pgf/systemlayer/pgfsys.sty (/home/adam/.TinyTeX/texmf-dist/tex/generic/pgf/systemlayer/pgfsys.code.tex
Package: pgfsys 2023-01-15 v3.1.10 (3.1.10)
(/home/adam/.TinyTeX/texmf-dist/tex/generic/pgf/utilities/pgfkeys.code.tex
\pgfkeys@pathtoks=\toks28
\pgfkeys@temptoks=\toks29
(/home/adam/.TinyTeX/texmf-dist/tex/generic/pgf/utilities/pgfkeyslibraryfiltered.code.tex
\pgfkeys@tmptoks=\toks30
))
\pgf@x=\dimen178
\pgf@y=\dimen179
\pgf@xa=\dimen180
\pgf@ya=\dimen181
\pgf@xb=\dimen182
\pgf@yb=\dimen183
\pgf@xc=\dimen184
\pgf@yc=\dimen185
\pgf@xd=\dimen186
\pgf@yd=\dimen187
\w@pgf@writea=\write4
\r@pgf@reada=\read3
\c@pgf@counta=\count299
\c@pgf@countb=\count300
\c@pgf@countc=\count301
\c@pgf@countd=\count302
\t@pgf@toka=\toks31
\t@pgf@tokb=\toks32
\t@pgf@tokc=\toks33
\pgf@sys@id@count=\count303
(/home/adam/.TinyTeX/texmf-dist/tex/generic/pgf/systemlayer/pgf.cfg
File: pgf.cfg 2023-01-15 v3.1.10 (3.1.10)
)
Driver file for pgf: pgfsys-pdftex.def
(/home/adam/.TinyTeX/texmf-dist/tex/generic/pgf/systemlayer/pgfsys-pdftex.def
File: pgfsys-pdftex.def 2023-01-15 v3.1.10 (3.1.10)
(/home/adam/.TinyTeX/texmf-dist/tex/generic/pgf/systemlayer/pgfsys-common-pdf.def
File: pgfsys-common-pdf.def 2023-01-15 v3.1.10 (3.1.10)
))) (/home/adam/.TinyTeX/texmf-dist/tex/generic/pgf/systemlayer/pgfsyssoftpath.code.tex
File: pgfsyssoftpath.code.tex 2023-01-15 v3.1.10 (3.1.10)
\pgfsyssoftpath@smallbuffer@items=\count304
\pgfsyssoftpath@bigbuffer@items=\count305
) (/home/adam/.TinyTeX/texmf-dist/tex/generic/pgf/systemlayer/pgfsysprotocol.code.tex
File: pgfsysprotocol.code.tex 2023-01-15 v3.1.10 (3.1.10)
)) (/home/adam/.TinyTeX/texmf-dist/tex/generic/pgf/basiclayer/pgfcore.code.tex
Package: pgfcore 2023-01-15 v3.1.10 (3.1.10)
(/home/adam/.TinyTeX/texmf-dist/tex/generic/pgf/math/pgfmath.code.tex (/home/adam/.TinyTeX/texmf-dist/tex/generic/pgf/math/pgfmathutil.code.tex) (/home/adam/.TinyTeX/texmf-dist/tex/generic/pgf/math/pgfmathparser.code.tex
\pgfmath@dimen=\dimen188
\pgfmath@count=\count306
\pgfmath@box=\box64
\pgfmath@toks=\toks34
\pgfmath@stack@operand=\toks35
\pgfmath@stack@operation=\toks36
) (/home/adam/.TinyTeX/texmf-dist/tex/generic/pgf/math/pgfmathfunctions.code.tex) (/home/adam/.TinyTeX/texmf-dist/tex/generic/pgf/math/pgfmathfunctions.basic.code.tex) (/home/adam/.TinyTeX/texmf-dist/tex/generic/pgf/math/pgfmathfunctions.trigonometric.code.tex) (/home/adam/.TinyTeX/texmf-dist/tex/generic/pgf/math/pgfmathfunctions.random.code.tex) (/home/adam/.TinyTeX/texmf-dist/tex/generic/pgf/math/pgfmathfunctions.comparison.code.tex) (/home/adam/.TinyTeX/texmf-dist/tex/generic/pgf/math/pgfmathfunctions.base.code.tex) (/home/adam/.TinyTeX/texmf-dist/tex/generic/pgf/math/pgfmathfunctions.round.code.tex) (/home/adam/.TinyTeX/texmf-dist/tex/generic/pgf/math/pgfmathfunctions.misc.code.tex) (/home/adam/.TinyTeX/texmf-dist/tex/generic/pgf/math/pgfmathfunctions.integerarithmetics.code.tex) (/home/adam/.TinyTeX/texmf-dist/tex/generic/pgf/math/pgfmathcalc.code.tex) (/home/adam/.TinyTeX/texmf-dist/tex/generic/pgf/math/pgfmathfloat.code.tex
\c@pgfmathroundto@lastzeros=\count307
)) (/home/adam/.TinyTeX/texmf-dist/tex/generic/pgf/math/pgfint.code.tex) (/home/adam/.TinyTeX/texmf-dist/tex/generic/pgf/basiclayer/pgfcorepoints.code.tex
File: pgfcorepoints.code.tex 2023-01-15 v3.1.10 (3.1.10)
\pgf@picminx=\dimen189
\pgf@picmaxx=\dimen190
\pgf@picminy=\dimen191
\pgf@picmaxy=\dimen192
\pgf@pathminx=\dimen193
\pgf@pathmaxx=\dimen194
\pgf@pathminy=\dimen195
\pgf@pathmaxy=\dimen196
\pgf@xx=\dimen197
\pgf@xy=\dimen198
\pgf@yx=\dimen199
\pgf@yy=\dimen256
\pgf@zx=\dimen257
\pgf@zy=\dimen258
) (/home/adam/.TinyTeX/texmf-dist/tex/generic/pgf/basiclayer/pgfcorepathconstruct.code.tex
File: pgfcorepathconstruct.code.tex 2023-01-15 v3.1.10 (3.1.10)
\pgf@path@lastx=\dimen259
\pgf@path@lasty=\dimen260
) (/home/adam/.TinyTeX/texmf-dist/tex/generic/pgf/basiclayer/pgfcorepathusage.code.tex
File: pgfcorepathusage.code.tex 2023-01-15 v3.1.10 (3.1.10)
\pgf@shorten@end@additional=\dimen261
\pgf@shorten@start@additional=\dimen262
) (/home/adam/.TinyTeX/texmf-dist/tex/generic/pgf/basiclayer/pgfcorescopes.code.tex
File: pgfcorescopes.code.tex 2023-01-15 v3.1.10 (3.1.10)
\pgfpic=\box65
\pgf@hbox=\box66
\pgf@layerbox@main=\box67
\pgf@picture@serial@count=\count308
) (/home/adam/.TinyTeX/texmf-dist/tex/generic/pgf/basiclayer/pgfcoregraphicstate.code.tex
File: pgfcoregraphicstate.code.tex 2023-01-15 v3.1.10 (3.1.10)
\pgflinewidth=\dimen263
) (/home/adam/.TinyTeX/texmf-dist/tex/generic/pgf/basiclayer/pgfcoretransformations.code.tex
File: pgfcoretransformations.code.tex 2023-01-15 v3.1.10 (3.1.10)
\pgf@pt@x=\dimen264
\pgf@pt@y=\dimen265
\pgf@pt@temp=\dimen266
) (/home/adam/.TinyTeX/texmf-dist/tex/generic/pgf/basiclayer/pgfcorequick.code.tex
File: pgfcorequick.code.tex 2023-01-15 v3.1.10 (3.1.10)
) (/home/adam/.TinyTeX/texmf-dist/tex/generic/pgf/basiclayer/pgfcoreobjects.code.tex
File: pgfcoreobjects.code.tex 2023-01-15 v3.1.10 (3.1.10)
) (/home/adam/.TinyTeX/texmf-dist/tex/generic/pgf/basiclayer/pgfcorepathprocessing.code.tex
File: pgfcorepathprocessing.code.tex 2023-01-15 v3.1.10 (3.1.10)
) (/home/adam/.TinyTeX/texmf-dist/tex/generic/pgf/basiclayer/pgfcorearrows.code.tex
File: pgfcorearrows.code.tex 2023-01-15 v3.1.10 (3.1.10)
\pgfarrowsep=\dimen267
) (/home/adam/.TinyTeX/texmf-dist/tex/generic/pgf/basiclayer/pgfcoreshade.code.tex
File: pgfcoreshade.code.tex 2023-01-15 v3.1.10 (3.1.10)
\pgf@max=\dimen268
\pgf@sys@shading@range@num=\count309
\pgf@shadingcount=\count310
) (/home/adam/.TinyTeX/texmf-dist/tex/generic/pgf/basiclayer/pgfcoreimage.code.tex
File: pgfcoreimage.code.tex 2023-01-15 v3.1.10 (3.1.10)
) (/home/adam/.TinyTeX/texmf-dist/tex/generic/pgf/basiclayer/pgfcoreexternal.code.tex
File: pgfcoreexternal.code.tex 2023-01-15 v3.1.10 (3.1.10)
\pgfexternal@startupbox=\box68
) (/home/adam/.TinyTeX/texmf-dist/tex/generic/pgf/basiclayer/pgfcorelayers.code.tex
File: pgfcorelayers.code.tex 2023-01-15 v3.1.10 (3.1.10)
) (/home/adam/.TinyTeX/texmf-dist/tex/generic/pgf/basiclayer/pgfcoretransparency.code.tex
File: pgfcoretransparency.code.tex 2023-01-15 v3.1.10 (3.1.10)
) (/home/adam/.TinyTeX/texmf-dist/tex/generic/pgf/basiclayer/pgfcorepatterns.code.tex
File: pgfcorepatterns.code.tex 2023-01-15 v3.1.10 (3.1.10)
) (/home/adam/.TinyTeX/texmf-dist/tex/generic/pgf/basiclayer/pgfcorerdf.code.tex
File: pgfcorerdf.code.tex 2023-01-15 v3.1.10 (3.1.10)
))) (/home/adam/.TinyTeX/texmf-dist/tex/generic/pgf/modules/pgfmoduleshapes.code.tex
File: pgfmoduleshapes.code.tex 2023-01-15 v3.1.10 (3.1.10)
\pgfnodeparttextbox=\box69
) (/home/adam/.TinyTeX/texmf-dist/tex/generic/pgf/modules/pgfmoduleplot.code.tex
File: pgfmoduleplot.code.tex 2023-01-15 v3.1.10 (3.1.10)
) (/home/adam/.TinyTeX/texmf-dist/tex/latex/pgf/compatibility/pgfcomp-version-0-65.sty
Package: pgfcomp-version-0-65 2023-01-15 v3.1.10 (3.1.10)
\pgf@nodesepstart=\dimen269
\pgf@nodesepend=\dimen270
) (/home/adam/.TinyTeX/texmf-dist/tex/latex/pgf/compatibility/pgfcomp-version-1-18.sty
Package: pgfcomp-version-1-18 2023-01-15 v3.1.10 (3.1.10)
)) (/home/adam/.TinyTeX/texmf-dist/tex/latex/pgf/utilities/pgffor.sty (/home/adam/.TinyTeX/texmf-dist/tex/latex/pgf/utilities/pgfkeys.sty (/home/adam/.TinyTeX/texmf-dist/tex/generic/pgf/utilities/pgfkeys.code.tex)) (/home/adam/.TinyTeX/texmf-dist/tex/latex/pgf/math/pgfmath.sty (/home/adam/.TinyTeX/texmf-dist/tex/generic/pgf/math/pgfmath.code.tex)) (/home/adam/.TinyTeX/texmf-dist/tex/generic/pgf/utilities/pgffor.code.tex
Package: pgffor 2023-01-15 v3.1.10 (3.1.10)
\pgffor@iter=\dimen271
\pgffor@skip=\dimen272
\pgffor@stack=\toks37
\pgffor@toks=\toks38
)) (/home/adam/.TinyTeX/texmf-dist/tex/generic/pgf/frontendlayer/tikz/tikz.code.tex
Package: tikz 2023-01-15 v3.1.10 (3.1.10)
(/home/adam/.TinyTeX/texmf-dist/tex/generic/pgf/libraries/pgflibraryplothandlers.code.tex
File: pgflibraryplothandlers.code.tex 2023-01-15 v3.1.10 (3.1.10)
\pgf@plot@mark@count=\count311
\pgfplotmarksize=\dimen273
)
\tikz@lastx=\dimen274
\tikz@lasty=\dimen275
\tikz@lastxsaved=\dimen276
\tikz@lastysaved=\dimen277
\tikz@lastmovetox=\dimen278
\tikz@lastmovetoy=\dimen279
\tikzleveldistance=\dimen280
\tikzsiblingdistance=\dimen281
\tikz@figbox=\box70
\tikz@figbox@bg=\box71
\tikz@tempbox=\box72
\tikz@tempbox@bg=\box73
\tikztreelevel=\count312
\tikznumberofchildren=\count313
\tikznumberofcurrentchild=\count314
\tikz@fig@count=\count315
(/home/adam/.TinyTeX/texmf-dist/tex/generic/pgf/modules/pgfmodulematrix.code.tex
File: pgfmodulematrix.code.tex 2023-01-15 v3.1.10 (3.1.10)
\pgfmatrixcurrentrow=\count316
\pgfmatrixcurrentcolumn=\count317
\pgf@matrix@numberofcolumns=\count318
)
\tikz@expandcount=\count319
(/home/adam/.TinyTeX/texmf-dist/tex/generic/pgf/frontendlayer/tikz/libraries/tikzlibrarytopaths.code.tex
File: tikzlibrarytopaths.code.tex 2023-01-15 v3.1.10 (3.1.10)
))) (/home/adam/.TinyTeX/texmf-dist/tex/generic/tikz-cd/tikzlibrarycd.code.tex (/home/adam/.TinyTeX/texmf-dist/tex/generic/pgf/frontendlayer/tikz/libraries/tikzlibrarymatrix.code.tex
File: tikzlibrarymatrix.code.tex 2023-01-15 v3.1.10 (3.1.10)
) (/home/adam/.TinyTeX/texmf-dist/tex/generic/pgf/frontendlayer/tikz/libraries/tikzlibraryquotes.code.tex
File: tikzlibraryquotes.code.tex 2023-01-15 v3.1.10 (3.1.10)
) (/home/adam/.TinyTeX/texmf-dist/tex/generic/pgf/libraries/pgflibraryarrows.meta.code.tex
File: pgflibraryarrows.meta.code.tex 2023-01-15 v3.1.10 (3.1.10)
\pgfarrowinset=\dimen282
\pgfarrowlength=\dimen283
\pgfarrowwidth=\dimen284
\pgfarrowlinewidth=\dimen285
))) (/home/adam/.TinyTeX/texmf-dist/tex/latex/multirow/multirow.sty
Package: multirow 2024/11/12 v2.9 Span multiple rows of a table
\multirow@colwidth=\skip66
\multirow@cntb=\count320
\multirow@dima=\skip67
\bigstrutjot=\dimen286
) (/home/adam/.TinyTeX/texmf-dist/tex/latex/wrapfig/wrapfig.sty
\wrapoverhang=\dimen287
\WF@size=\dimen288
\c@WF@wrappedlines=\count321
\WF@box=\box74
\WF@everypar=\toks39
Package: wrapfig 2003/01/31  v 3.6
) (/home/adam/.TinyTeX/texmf-dist/tex/latex/float/float.sty
Package: float 2001/11/08 v1.3d Float enhancements (AL)
\c@float@type=\count322
\float@exts=\toks40
\float@box=\box75
\@float@everytoks=\toks41
\@floatcapt=\box76
) (/home/adam/.TinyTeX/texmf-dist/tex/latex/colortbl/colortbl.sty
Package: colortbl 2024/07/06 v1.0i Color table columns (DPC)
\everycr=\toks42
\minrowclearance=\skip68
\rownum=\count323
) (/home/adam/.TinyTeX/texmf-dist/tex/latex/pdflscape/pdflscape.sty
Package: pdflscape 2022-10-27 v0.13 Display of landscape pages in PDF
(/home/adam/.TinyTeX/texmf-dist/tex/latex/pdflscape/pdflscape-nometadata.sty
Package: pdflscape-nometadata 2022-10-28 v0.13 Display of landscape pages in PDF (HO)
(/home/adam/.TinyTeX/texmf-dist/tex/latex/graphics/lscape.sty
Package: lscape 2020/05/28 v3.02 Landscape Pages (DPC)
)
Package pdflscape Info: Auto-detected driver: pdftex on input line 81.
)) (/home/adam/.TinyTeX/texmf-dist/tex/latex/tabu/tabu.sty
Package: tabu 2019/01/11 v2.9 - flexible LaTeX tabulars (FC+tabu-fixed)
(/home/adam/.TinyTeX/texmf-dist/tex/latex/varwidth/varwidth.sty
Package: varwidth 2009/03/30 ver 0.92;  Variable-width minipages
\@vwid@box=\box77
\sift@deathcycles=\count324
\@vwid@loff=\dimen289
\@vwid@roff=\dimen290
)
\c@taburow=\count325
\tabu@nbcols=\count326
\tabu@cnt=\count327
\tabu@Xcol=\count328
\tabu@alloc=\count329
\tabu@nested=\count330
\tabu@target=\dimen291
\tabu@spreadtarget=\dimen292
\tabu@naturalX=\dimen293
\tabucolX=\dimen294
\tabu@Xsum=\dimen295
\extrarowdepth=\dimen296
\abovetabulinesep=\dimen297
\belowtabulinesep=\dimen298
\tabustrutrule=\dimen299
\tabu@thebody=\toks43
\tabu@footnotes=\toks44
\tabu@box=\box78
\tabu@arstrutbox=\box79
\tabu@hleads=\box80
\tabu@vleads=\box81
\tabu@cellskip=\skip69
) (/home/adam/.TinyTeX/texmf-dist/tex/latex/threeparttable/threeparttable.sty
Package: threeparttable 2003/06/13  v 3.0
\@tempboxb=\box82
) (/home/adam/.TinyTeX/texmf-dist/tex/latex/threeparttablex/threeparttablex.sty
Package: threeparttablex 2013/07/23 v0.3 by daleif
(/home/adam/.TinyTeX/texmf-dist/tex/latex/environ/environ.sty
Package: environ 2014/05/04 v0.3 A new way to define environments
(/home/adam/.TinyTeX/texmf-dist/tex/latex/trimspaces/trimspaces.sty
Package: trimspaces 2009/09/17 v1.1 Trim spaces around a token list
))
\TPTL@width=\skip70
) (/home/adam/.TinyTeX/texmf-dist/tex/generic/ulem/ulem.sty
\UL@box=\box83
\UL@hyphenbox=\box84
\UL@skip=\skip71
\UL@hook=\toks45
\UL@height=\dimen300
\UL@pe=\count331
\UL@pixel=\dimen301
\ULC@box=\box85
Package: ulem 2019/11/18
\ULdepth=\dimen302
) (/home/adam/.TinyTeX/texmf-dist/tex/latex/makecell/makecell.sty
Package: makecell 2009/08/03 V0.1e Managing of Tab Column Heads and Cells
\rotheadsize=\dimen303
\c@nlinenum=\count332
\TeXr@lab=\toks46
) (/home/adam/.TinyTeX/texmf-dist/tex/latex/bookmark/bookmark.sty
Package: bookmark 2023-12-10 v1.31 PDF bookmarks (HO)
(/home/adam/.TinyTeX/texmf-dist/tex/latex/hyperref/hyperref.sty
Package: hyperref 2024-11-05 v7.01l Hypertext links for LaTeX
(/home/adam/.TinyTeX/texmf-dist/tex/latex/kvsetkeys/kvsetkeys.sty
Package: kvsetkeys 2022-10-05 v1.19 Key value parser (HO)
) (/home/adam/.TinyTeX/texmf-dist/tex/generic/kvdefinekeys/kvdefinekeys.sty
Package: kvdefinekeys 2019-12-19 v1.6 Define keys (HO)
) (/home/adam/.TinyTeX/texmf-dist/tex/generic/pdfescape/pdfescape.sty
Package: pdfescape 2019/12/09 v1.15 Implements pdfTeX's escape features (HO)
(/home/adam/.TinyTeX/texmf-dist/tex/generic/ltxcmds/ltxcmds.sty
Package: ltxcmds 2023-12-04 v1.26 LaTeX kernel commands for general use (HO)
) (/home/adam/.TinyTeX/texmf-dist/tex/generic/pdftexcmds/pdftexcmds.sty
Package: pdftexcmds 2020-06-27 v0.33 Utility functions of pdfTeX for LuaTeX (HO)
(/home/adam/.TinyTeX/texmf-dist/tex/generic/infwarerr/infwarerr.sty
Package: infwarerr 2019/12/03 v1.5 Providing info/warning/error messages (HO)
)
Package pdftexcmds Info: \pdf@primitive is available.
Package pdftexcmds Info: \pdf@ifprimitive is available.
Package pdftexcmds Info: \pdfdraftmode found.
)) (/home/adam/.TinyTeX/texmf-dist/tex/latex/hycolor/hycolor.sty
Package: hycolor 2020-01-27 v1.10 Color options for hyperref/bookmark (HO)
) (/home/adam/.TinyTeX/texmf-dist/tex/latex/hyperref/nameref.sty
Package: nameref 2023-11-26 v2.56 Cross-referencing by name of section
(/home/adam/.TinyTeX/texmf-dist/tex/latex/refcount/refcount.sty
Package: refcount 2019/12/15 v3.6 Data extraction from label references (HO)
) (/home/adam/.TinyTeX/texmf-dist/tex/generic/gettitlestring/gettitlestring.sty
Package: gettitlestring 2019/12/15 v1.6 Cleanup title references (HO)
(/home/adam/.TinyTeX/texmf-dist/tex/latex/kvoptions/kvoptions.sty
Package: kvoptions 2022-06-15 v3.15 Key value format for package options (HO)
))
\c@section@level=\count333
) (/home/adam/.TinyTeX/texmf-dist/tex/generic/stringenc/stringenc.sty
Package: stringenc 2019/11/29 v1.12 Convert strings between diff. encodings (HO)
)
\@linkdim=\dimen304
\Hy@linkcounter=\count334
\Hy@pagecounter=\count335
(/home/adam/.TinyTeX/texmf-dist/tex/latex/hyperref/pd1enc.def
File: pd1enc.def 2024-11-05 v7.01l Hyperref: PDFDocEncoding definition (HO)
Now handling font encoding PD1 ...
... no UTF-8 mapping file for font encoding PD1
) (/home/adam/.TinyTeX/texmf-dist/tex/generic/intcalc/intcalc.sty
Package: intcalc 2019/12/15 v1.3 Expandable calculations with integers (HO)
)
\Hy@SavedSpaceFactor=\count336
(/home/adam/.TinyTeX/texmf-dist/tex/latex/hyperref/puenc.def
File: puenc.def 2024-11-05 v7.01l Hyperref: PDF Unicode definition (HO)
Now handling font encoding PU ...
... no UTF-8 mapping file for font encoding PU
)
Package hyperref Info: Option `unicode' set `true' on input line 4040.
Package hyperref Info: Hyper figures OFF on input line 4157.
Package hyperref Info: Link nesting OFF on input line 4162.
Package hyperref Info: Hyper index ON on input line 4165.
Package hyperref Info: Plain pages OFF on input line 4172.
Package hyperref Info: Backreferencing OFF on input line 4177.
Package hyperref Info: Implicit mode ON; LaTeX internals redefined.
Package hyperref Info: Bookmarks ON on input line 4424.
\c@Hy@tempcnt=\count337
(/home/adam/.TinyTeX/texmf-dist/tex/latex/url/url.sty
\Urlmuskip=\muskip18
Package: url 2013/09/16  ver 3.4  Verb mode for urls, etc.
)
LaTeX Info: Redefining \url on input line 4763.
\XeTeXLinkMargin=\dimen305
(/home/adam/.TinyTeX/texmf-dist/tex/generic/bitset/bitset.sty
Package: bitset 2019/12/09 v1.3 Handle bit-vector datatype (HO)
(/home/adam/.TinyTeX/texmf-dist/tex/generic/bigintcalc/bigintcalc.sty
Package: bigintcalc 2019/12/15 v1.5 Expandable calculations on big integers (HO)
))
\Fld@menulength=\count338
\Field@Width=\dimen306
\Fld@charsize=\dimen307
Package hyperref Info: Hyper figures OFF on input line 6042.
Package hyperref Info: Link nesting OFF on input line 6047.
Package hyperref Info: Hyper index ON on input line 6050.
Package hyperref Info: backreferencing OFF on input line 6057.
Package hyperref Info: Link coloring OFF on input line 6062.
Package hyperref Info: Link coloring with OCG OFF on input line 6067.
Package hyperref Info: PDF/A mode OFF on input line 6072.
(/home/adam/.TinyTeX/texmf-dist/tex/latex/base/atbegshi-ltx.sty
Package: atbegshi-ltx 2021/01/10 v1.0c Emulation of the original atbegshi
package with kernel methods
)
\Hy@abspage=\count339
\c@Item=\count340
\c@Hfootnote=\count341
)
Package hyperref Info: Driver (autodetected): hpdftex.
(/home/adam/.TinyTeX/texmf-dist/tex/latex/hyperref/hpdftex.def
File: hpdftex.def 2024-11-05 v7.01l Hyperref driver for pdfTeX
(/home/adam/.TinyTeX/texmf-dist/tex/latex/base/atveryend-ltx.sty
Package: atveryend-ltx 2020/08/19 v1.0a Emulation of the original atveryend package
with kernel methods
)
\Fld@listcount=\count342
\c@bookmark@seq@number=\count343
(/home/adam/.TinyTeX/texmf-dist/tex/latex/rerunfilecheck/rerunfilecheck.sty
Package: rerunfilecheck 2022-07-10 v1.10 Rerun checks for auxiliary files (HO)
(/home/adam/.TinyTeX/texmf-dist/tex/generic/uniquecounter/uniquecounter.sty
Package: uniquecounter 2019/12/15 v1.4 Provide unlimited unique counter (HO)
)
Package uniquecounter Info: New unique counter `rerunfilecheck' on input line 285.
)
\Hy@SectionHShift=\skip72
) (/home/adam/.TinyTeX/texmf-dist/tex/latex/bookmark/bkm-pdftex.def
File: bkm-pdftex.def 2023-12-10 v1.31 bookmark driver for pdfTeX and luaTeX (HO)
\BKM@id=\count344
))
LaTeX Font Info:    Trying to load font information for T1+lmr on input line 170.
(/home/adam/.TinyTeX/texmf-dist/tex/latex/lm/t1lmr.fd
File: t1lmr.fd 2015/05/01 v1.6.1 Font defs for Latin Modern
) (/home/adam/.TinyTeX/texmf-dist/tex/latex/l3backend/l3backend-pdftex.def
File: l3backend-pdftex.def 2024-05-08 L3 backend support: PDF output (pdfTeX)
\l__color_backend_stack_int=\count345
\l__pdf_internal_box=\box86
) (./_main.aux)
\openout1 = `_main.aux'.

LaTeX Font Info:    Checking defaults for OML/cmm/m/it on input line 170.
LaTeX Font Info:    ... okay on input line 170.
LaTeX Font Info:    Checking defaults for OMS/cmsy/m/n on input line 170.
LaTeX Font Info:    ... okay on input line 170.
LaTeX Font Info:    Checking defaults for OT1/cmr/m/n on input line 170.
LaTeX Font Info:    ... okay on input line 170.
LaTeX Font Info:    Checking defaults for T1/cmr/m/n on input line 170.
LaTeX Font Info:    ... okay on input line 170.
LaTeX Font Info:    Checking defaults for TS1/cmr/m/n on input line 170.
LaTeX Font Info:    ... okay on input line 170.
LaTeX Font Info:    Checking defaults for OMX/cmex/m/n on input line 170.
LaTeX Font Info:    ... okay on input line 170.
LaTeX Font Info:    Checking defaults for U/cmr/m/n on input line 170.
LaTeX Font Info:    ... okay on input line 170.
LaTeX Font Info:    Checking defaults for PD1/pdf/m/n on input line 170.
LaTeX Font Info:    ... okay on input line 170.
LaTeX Font Info:    Checking defaults for PU/pdf/m/n on input line 170.
LaTeX Font Info:    ... okay on input line 170.
(/home/adam/.TinyTeX/texmf-dist/tex/latex/epstopdf-pkg/epstopdf-base.sty
Package: epstopdf-base 2020-01-24 v2.11 Base part for package epstopdf
Package epstopdf-base Info: Redefining graphics rule for `.eps' on input line 485.
(/home/adam/.TinyTeX/texmf-dist/tex/latex/latexconfig/epstopdf-sys.cfg
File: epstopdf-sys.cfg 2010/07/13 v1.3 Configuration of (r)epstopdf for TeX Live
))
Package hyperref Info: Link coloring OFF on input line 170.
LaTeX Font Info:    Trying to load font information for OT1+lmr on input line 172.
(/home/adam/.TinyTeX/texmf-dist/tex/latex/lm/ot1lmr.fd
File: ot1lmr.fd 2015/05/01 v1.6.1 Font defs for Latin Modern
)
LaTeX Font Info:    Trying to load font information for OML+lmm on input line 172.
(/home/adam/.TinyTeX/texmf-dist/tex/latex/lm/omllmm.fd
File: omllmm.fd 2015/05/01 v1.6.1 Font defs for Latin Modern
)
LaTeX Font Info:    Trying to load font information for OMS+lmsy on input line 172.
(/home/adam/.TinyTeX/texmf-dist/tex/latex/lm/omslmsy.fd
File: omslmsy.fd 2015/05/01 v1.6.1 Font defs for Latin Modern
)
LaTeX Font Info:    Trying to load font information for OMX+lmex on input line 172.
(/home/adam/.TinyTeX/texmf-dist/tex/latex/lm/omxlmex.fd
File: omxlmex.fd 2015/05/01 v1.6.1 Font defs for Latin Modern
)
LaTeX Font Info:    External font `lmex10' loaded for size
(Font)              <12> on input line 172.
LaTeX Font Info:    External font `lmex10' loaded for size
(Font)              <8> on input line 172.
LaTeX Font Info:    External font `lmex10' loaded for size
(Font)              <6> on input line 172.
LaTeX Font Info:    Trying to load font information for U+msa on input line 172.
(/home/adam/.TinyTeX/texmf-dist/tex/latex/amsfonts/umsa.fd
File: umsa.fd 2013/01/14 v3.01 AMS symbols A
)
LaTeX Font Info:    Trying to load font information for U+msb on input line 172.
(/home/adam/.TinyTeX/texmf-dist/tex/latex/amsfonts/umsb.fd
File: umsb.fd 2013/01/14 v3.01 AMS symbols B
)

[1


{/home/adam/.TinyTeX/texmf-var/fonts/map/pdftex/updmap/pdftex.map}{/home/adam/.TinyTeX/texmf-dist/fonts/enc/dvips/lm/lm-ec.enc}]

[2

] (./_main.toc)
\tf@toc=\write5
\openout5 = `_main.toc'.



[3]

[4

]
Chapter 1.


[5]

[6

]
Chapter 2.

LaTeX Warning: Citation `ref-goethe2015' on page 7 undefined on input line 192.


LaTeX Warning: Citation `ref-van2003' on page 7 undefined on input line 195.


LaTeX Warning: Citation `ref-sheth2016' on page 7 undefined on input line 195.


LaTeX Warning: Citation `ref-goebel2004' on page 7 undefined on input line 195.


LaTeX Warning: Citation `ref-knudsen2020' on page 7 undefined on input line 195.


LaTeX Warning: Citation `ref-ware2019' on page 7 undefined on input line 195.


LaTeX Warning: Citation `ref-ledoux2000' on page 7 undefined on input line 195.


LaTeX Warning: Citation `ref-ledoux2003' on page 7 undefined on input line 195.


LaTeX Warning: Citation `ref-mandler1982' on page 7 undefined on input line 195.


LaTeX Warning: Citation `ref-treisman1985' on page 7 undefined on input line 195.


LaTeX Warning: Citation `ref-friendly2006' on page 7 undefined on input line 197.


LaTeX Warning: Citation `ref-tukey1977' on page 7 undefined on input line 197.


LaTeX Warning: Citation `ref-dijkerman2007' on page 7 undefined on input line 199.


LaTeX Warning: Citation `ref-lederman2009' on page 7 undefined on input line 199.



[7]

LaTeX Warning: Citation `ref-batch2017' on page 8 undefined on input line 201.


LaTeX Warning: Citation `ref-wickham2009' on page 8 undefined on input line 201.


LaTeX Warning: Citation `ref-vanderplas2020' on page 8 undefined on input line 201.


LaTeX Warning: Reference `goals' on page 8 undefined on input line 207.


LaTeX Warning: Reference `system' on page 8 undefined on input line 207.


LaTeX Warning: Reference `applied-example' on page 8 undefined on input line 207.


LaTeX Warning: Reference `discussion' on page 8 undefined on input line 207.



[8]
Chapter 3.

LaTeX Warning: Citation `ref-beniger1978' on page 9 undefined on input line 213.


LaTeX Warning: Citation `ref-dix1998' on page 9 undefined on input line 213.


LaTeX Warning: Citation `ref-friendly2006' on page 9 undefined on input line 213.


LaTeX Warning: Citation `ref-friendly2021' on page 9 undefined on input line 213.


LaTeX Warning: Citation `ref-young2011' on page 9 undefined on input line 213.


LaTeX Warning: Citation `ref-mansfield2020' on page 9 undefined on input line 217.


LaTeX Warning: Citation `ref-beniger1978' on page 9 undefined on input line 217.


LaTeX Warning: Citation `ref-friendly2021' on page 9 undefined on input line 217.

<./figures/si427.jpg, id=58, 2095.83pt x 1177.39874pt>
File: ./figures/si427.jpg Graphic file (type jpg)
<use ./figures/si427.jpg>
Package pdftex.def Info: ./figures/si427.jpg  used on input line 221.
(pdftex.def)             Requested size: 979.02806pt x 549.99995pt.

Overfull \hbox (634.02806pt too wide) in paragraph at lines 221--222
 [][] 
 []


LaTeX Warning: Float too large for page by 72.49995pt on input line 226.


LaTeX Warning: Citation `ref-kvasz2006' on page 9 undefined on input line 228.


LaTeX Warning: Citation `ref-friendly2021' on page 9 undefined on input line 228.



[9

]

[10 <./figures/si427.jpg>]

LaTeX Warning: Citation `ref-friendly2021' on page 11 undefined on input line 230.


LaTeX Warning: Citation `ref-etymonline2024' on page 11 undefined on input line 230.


LaTeX Warning: Citation `ref-beniger1978' on page 11 undefined on input line 230.


LaTeX Warning: Citation `ref-friendly2021' on page 11 undefined on input line 230.


LaTeX Warning: Citation `ref-young2011' on page 11 undefined on input line 230.


LaTeX Warning: Citation `ref-friendly2021' on page 11 undefined on input line 230.


LaTeX Warning: Citation `ref-freedman1999' on page 11 undefined on input line 230.


LaTeX Warning: Citation `ref-friendly2021' on page 11 undefined on input line 230.


LaTeX Warning: Citation `ref-brasseur2005' on page 11 undefined on input line 230.


LaTeX Warning: Citation `ref-fienberg1992' on page 11 undefined on input line 232.


LaTeX Warning: Citation `ref-freedman1999' on page 11 undefined on input line 232.


LaTeX Warning: Citation `ref-fienberg1992' on page 11 undefined on input line 232.


LaTeX Warning: Citation `ref-friendly2006' on page 11 undefined on input line 234.


LaTeX Warning: Citation `ref-young2011' on page 11 undefined on input line 234.


LaTeX Warning: Citation `ref-clayton2021' on page 11 undefined on input line 234.


LaTeX Warning: Citation `ref-friendly2021' on page 11 undefined on input line 234.


LaTeX Warning: Citation `ref-tukey1962' on page 11 undefined on input line 236.


LaTeX Warning: Citation `ref-tukey1977' on page 11 undefined on input line 236.


LaTeX Warning: Citation `ref-bertin1967' on page 11 undefined on input line 236.


LaTeX Warning: Citation `ref-abbate1999' on page 11 undefined on input line 236.


LaTeX Warning: Citation `ref-backus1978' on page 11 undefined on input line 236.



[11]

LaTeX Warning: Citation `ref-cleveland1985' on page 12 undefined on input line 238.


LaTeX Warning: Citation `ref-cleveland1993' on page 12 undefined on input line 238.


LaTeX Warning: Citation `ref-cleveland1984' on page 12 undefined on input line 238.


LaTeX Warning: Citation `ref-tufte2001' on page 12 undefined on input line 238.


LaTeX Warning: Citation `ref-wilkinson2012' on page 12 undefined on input line 238.


LaTeX Warning: Citation `ref-fowlkes1969' on page 12 undefined on input line 244.


LaTeX Warning: Citation `ref-kruskal1964' on page 12 undefined on input line 244.

<./figures/prim9.png, id=74, 3405.72375pt x 1228.59pt>
File: ./figures/prim9.png Graphic file (type png)
<use ./figures/prim9.png>
Package pdftex.def Info: ./figures/prim9.png  used on input line 248.
(pdftex.def)             Requested size: 1524.66257pt x 550.0109pt.

Overfull \hbox (1179.66257pt too wide) in paragraph at lines 248--249
 [][] 
 []


LaTeX Warning: Float too large for page by 60.5109pt on input line 253.


LaTeX Warning: Citation `ref-fisherkeller1974' on page 12 undefined on input line 255.


LaTeX Warning: Citation `ref-donoho1988' on page 12 undefined on input line 255.


LaTeX Warning: Citation `ref-velleman1989' on page 12 undefined on input line 255.


LaTeX Warning: Citation `ref-tierney1990' on page 12 undefined on input line 255.


LaTeX Warning: Citation `ref-swayne1998' on page 12 undefined on input line 255.

<./figures/xlisp-stat.png, id=77, 960.58875pt x 642.4pt>
File: ./figures/xlisp-stat.png Graphic file (type png)
<use ./figures/xlisp-stat.png>
Package pdftex.def Info: ./figures/xlisp-stat.png  used on input line 259.
(pdftex.def)             Requested size: 822.44054pt x 550.01248pt.

Overfull \hbox (477.44054pt too wide) in paragraph at lines 259--260
 [][] 
 []


LaTeX Warning: Float too large for page by 83.95691pt on input line 264.


LaTeX Warning: Citation `ref-swayne2003' on page 12 undefined on input line 268.


LaTeX Warning: Citation `ref-unwin1996' on page 12 undefined on input line 268.


LaTeX Warning: Citation `ref-theus2002' on page 12 undefined on input line 268.


LaTeX Warning: Citation `ref-unwin2006' on page 12 undefined on input line 268.


LaTeX Warning: Citation `ref-urbanek2003' on page 12 undefined on input line 268.


LaTeX Warning: Citation `ref-urbanek2011' on page 12 undefined on input line 268.

LaTeX Font Info:    Trying to load font information for T1+lmtt on input line 268.
(/home/adam/.TinyTeX/texmf-dist/tex/latex/lm/t1lmtt.fd
File: t1lmtt.fd 2015/05/01 v1.6.1 Font defs for Latin Modern
)

LaTeX Warning: Citation `ref-xie2014' on page 12 undefined on input line 268.



[12]

[13 <./figures/prim9.png>]

[14 <./figures/xlisp-stat.png>]
<./figures/mondrian.png, id=97, 1144.275pt x 421.575pt>
File: ./figures/mondrian.png Graphic file (type png)
<use ./figures/mondrian.png>
Package pdftex.def Info: ./figures/mondrian.png  used on input line 272.
(pdftex.def)             Requested size: 1144.04521pt x 421.49033pt.

Overfull \hbox (799.04521pt too wide) in paragraph at lines 272--273
 [][] 
 []


LaTeX Warning: Citation `ref-urbanek2001' on page 15 undefined on input line 279.


LaTeX Warning: Citation `ref-urbanek2002' on page 15 undefined on input line 279.


LaTeX Warning: Citation `ref-wickham2011' on page 15 undefined on input line 279.


LaTeX Warning: Citation `ref-spyrison2020' on page 15 undefined on input line 279.


LaTeX Warning: Citation `ref-lee2021' on page 15 undefined on input line 279.


LaTeX Warning: Citation `ref-lee2022a' on page 15 undefined on input line 279.


LaTeX Warning: Citation `ref-cook1995' on page 15 undefined on input line 279.


LaTeX Warning: Citation `ref-waddell2023' on page 15 undefined on input line 279.


LaTeX Warning: Citation `ref-shiny2024' on page 15 undefined on input line 279.


Underfull \hbox (badness 1430) in paragraph at lines 285--285
[]\T1/lmr/bx/n/12 Interactive data vi-su-al-iza-tion and the in-ter-net:
 []


LaTeX Warning: Citation `ref-wirfs-brock2020' on page 15 undefined on input line 287.


Underfull \vbox (badness 3312) has occurred while \output is active []



[15]

[16 <./figures/mondrian.png>]

LaTeX Warning: Citation `ref-heer2005' on page 17 undefined on input line 289.


LaTeX Warning: Citation `ref-flare2020' on page 17 undefined on input line 289.


LaTeX Warning: Citation `ref-clark2017' on page 17 undefined on input line 289.


LaTeX Warning: Citation `ref-dao2020' on page 17 undefined on input line 289.


LaTeX Warning: Citation `ref-bostock2022' on page 17 undefined on input line 293.

LaTeX Font Info:    Font shape `T1/lmtt/bx/n' in size <10> not available
(Font)              Font shape `T1/lmtt/b/n' tried instead on input line 299.


[17]
<./figures/d3-scatterplot.png, id=120, 825.0825pt x 835.12pt>
File: ./figures/d3-scatterplot.png Graphic file (type png)
<use ./figures/d3-scatterplot.png>
Package pdftex.def Info: ./figures/d3-scatterplot.png  used on input line 347.
(pdftex.def)             Requested size: 543.42307pt x 550.03404pt.

Overfull \hbox (198.42307pt too wide) in paragraph at lines 347--348
 [][] 
 []


LaTeX Warning: Float too large for page by 48.53404pt on input line 352.


LaTeX Warning: Citation `ref-r2024' on page 18 undefined on input line 354.


LaTeX Warning: Citation `ref-wickham2016' on page 18 undefined on input line 354.


LaTeX Warning: Citation `ref-react2024' on page 18 undefined on input line 354.


LaTeX Warning: Citation `ref-vue2024' on page 18 undefined on input line 354.


LaTeX Warning: Citation `ref-svelte2024' on page 18 undefined on input line 354.


LaTeX Warning: Citation `ref-plotly2022' on page 18 undefined on input line 360.


LaTeX Warning: Citation `ref-highcharts2024' on page 18 undefined on input line 360.



[18]

[19 <./figures/d3-scatterplot.png>]
LaTeX Font Info:    Trying to load font information for TS1+lmtt on input line 369.
(/home/adam/.TinyTeX/texmf-dist/tex/latex/lm/ts1lmtt.fd
File: ts1lmtt.fd 2015/05/01 v1.6.1 Font defs for Latin Modern
)
<_main_files/figure-latex/plotly-scatterplot-1.pdf, id=133, 469.755pt x 325.215pt>
File: _main_files/figure-latex/plotly-scatterplot-1.pdf Graphic file (type pdf)
<use _main_files/figure-latex/plotly-scatterplot-1.pdf>
Package pdftex.def Info: _main_files/figure-latex/plotly-scatterplot-1.pdf  used on input line 381.
(pdftex.def)             Requested size: 0.0pt x 0.0pt.

LaTeX Warning: Citation `ref-mdn2024a' on page 20 undefined on input line 388.


LaTeX Warning: Citation `ref-highcharts2024' on page 20 undefined on input line 390.


LaTeX Warning: Citation `ref-highschartsboost2022' on page 20 undefined on input line 392.


LaTeX Warning: Citation `ref-plotly2024b' on page 20 undefined on input line 392.


LaTeX Warning: Citation `ref-satyanarayan2015' on page 20 undefined on input line 396.


LaTeX Warning: Citation `ref-vega2024a' on page 20 undefined on input line 396.



[20{/home/adam/.TinyTeX/texmf-dist/fonts/enc/dvips/lm/lm-ts1.enc} <./_main_files/figure-latex/plotly-scatterplot-1.pdf>]

LaTeX Warning: Citation `ref-vega2024b' on page 21 undefined on input line 398.


LaTeX Warning: Citation `ref-satyanarayan2015' on page 21 undefined on input line 400.


LaTeX Warning: Citation `ref-vegalite2024a' on page 21 undefined on input line 429.


LaTeX Warning: Citation `ref-vegalite2024b' on page 21 undefined on input line 429.



[21]

LaTeX Warning: Citation `ref-holtz2022' on page 22 undefined on input line 435.


LaTeX Warning: Citation `ref-plotly2022' on page 22 undefined on input line 435.


LaTeX Warning: Citation `ref-plotly2022' on page 22 undefined on input line 435.


LaTeX Warning: Citation `ref-vegalite2022' on page 22 undefined on input line 435.


LaTeX Warning: Citation `ref-kunst2022' on page 22 undefined on input line 435.


LaTeX Warning: Citation `ref-htmlwidgets2021' on page 22 undefined on input line 437.


LaTeX Warning: Citation `ref-shiny2024' on page 22 undefined on input line 437.

LaTeX Font Info:    Trying to load font information for TS1+lmr on input line 445.
(/home/adam/.TinyTeX/texmf-dist/tex/latex/lm/ts1lmr.fd
File: ts1lmr.fd 2015/05/01 v1.6.1 Font defs for Latin Modern
)

LaTeX Warning: Citation `ref-crosstalk2025' on page 22 undefined on input line 445.


LaTeX Warning: Citation `ref-keller2024' on page 22 undefined on input line 449.


LaTeX Warning: Citation `ref-batch2017' on page 22 undefined on input line 449.



[22]

LaTeX Warning: Citation `ref-wikipedia2022' on page 23 undefined on input line 458.


LaTeX Warning: Citation `ref-vanderplas2020' on page 23 undefined on input line 463.


LaTeX Warning: Citation `ref-dimara2019' on page 23 undefined on input line 463.


LaTeX Warning: Citation `ref-elmqvist2011' on page 23 undefined on input line 463.


LaTeX Warning: Citation `ref-pike2009' on page 23 undefined on input line 463.


LaTeX Warning: Citation `ref-sarikaya2018' on page 23 undefined on input line 463.


LaTeX Warning: Citation `ref-dimara2019' on page 23 undefined on input line 465.


LaTeX Warning: Citation `ref-elmqvist2011' on page 23 undefined on input line 465.


LaTeX Warning: Citation `ref-dimara2019' on page 23 undefined on input line 480.


LaTeX Warning: Citation `ref-pike2009' on page 23 undefined on input line 480.


LaTeX Warning: Citation `ref-yi2007' on page 23 undefined on input line 480.


LaTeX Warning: Citation `ref-buja1996' on page 23 undefined on input line 480.


LaTeX Warning: Citation `ref-kelleher2015' on page 23 undefined on input line 480.


LaTeX Warning: Citation `ref-leman2013' on page 23 undefined on input line 480.


LaTeX Warning: Citation `ref-wills2008' on page 23 undefined on input line 480.


LaTeX Warning: Citation `ref-brehmer2013' on page 23 undefined on input line 480.


LaTeX Warning: Citation `ref-dimara2019' on page 23 undefined on input line 480.


LaTeX Warning: Citation `ref-dix1998' on page 23 undefined on input line 480.


LaTeX Warning: Citation `ref-pike2009' on page 23 undefined on input line 480.


LaTeX Warning: Citation `ref-quadri2021' on page 23 undefined on input line 480.


LaTeX Warning: Citation `ref-yi2007' on page 23 undefined on input line 480.


LaTeX Warning: Citation `ref-brehmer2013' on page 23 undefined on input line 482.


LaTeX Warning: Citation `ref-dimara2019' on page 23 undefined on input line 482.



[23]

LaTeX Warning: Citation `ref-brodbeck2009' on page 24 undefined on input line 490.


LaTeX Warning: Citation `ref-becker1987' on page 24 undefined on input line 490.


LaTeX Warning: Citation `ref-buja1996' on page 24 undefined on input line 490.


LaTeX Warning: Citation `ref-rheingans2002' on page 24 undefined on input line 490.


LaTeX Warning: Citation `ref-jankun2007' on page 24 undefined on input line 490.


LaTeX Warning: Citation `ref-dimara2019' on page 24 undefined on input line 490.


LaTeX Warning: Citation `ref-kehrer2012' on page 24 undefined on input line 492.


LaTeX Warning: Citation `ref-buja1996' on page 24 undefined on input line 492.


LaTeX Warning: Citation `ref-keim2002' on page 24 undefined on input line 492.


LaTeX Warning: Citation `ref-unwin1999' on page 24 undefined on input line 492.


LaTeX Warning: Citation `ref-chen2008' on page 24 undefined on input line 492.


LaTeX Warning: Citation `ref-shneiderman2003' on page 24 undefined on input line 492.


LaTeX Warning: Citation `ref-leman2013' on page 24 undefined on input line 492.


LaTeX Warning: Citation `ref-self2018' on page 24 undefined on input line 492.


LaTeX Warning: Citation `ref-pike2009' on page 24 undefined on input line 492.



[24]

LaTeX Warning: Citation `ref-dimara2019' on page 25 undefined on input line 494.


LaTeX Warning: Citation `ref-yi2007' on page 25 undefined on input line 494.

LaTeX Font Info:    External font `lmex10' loaded for size
(Font)              <10> on input line 500.
LaTeX Font Info:    External font `lmex10' loaded for size
(Font)              <7> on input line 500.
LaTeX Font Info:    External font `lmex10' loaded for size
(Font)              <5> on input line 500.

Overfull \hbox (1022.16437pt too wide) in paragraph at lines 500--515
 [][] 
 []


LaTeX Warning: Citation `ref-foley1990' on page 25 undefined on input line 523.


LaTeX Warning: Citation `ref-howard1995' on page 25 undefined on input line 523.


LaTeX Warning: Citation `ref-dimara2019' on page 25 undefined on input line 523.


LaTeX Warning: Citation `ref-urbanek2011' on page 25 undefined on input line 523.



[25]

LaTeX Warning: Citation `ref-dimara2019' on page 26 undefined on input line 529.


LaTeX Warning: Citation `ref-kosara2016' on page 26 undefined on input line 535.


LaTeX Warning: Citation `ref-kosara2016' on page 26 undefined on input line 535.


LaTeX Warning: Citation `ref-tukey1977' on page 26 undefined on input line 535.


LaTeX Warning: Citation `ref-unwin2018' on page 26 undefined on input line 535.


LaTeX Warning: Citation `ref-cairo2014' on page 26 undefined on input line 537.


LaTeX Warning: Citation `ref-cairo2019' on page 26 undefined on input line 537.


LaTeX Warning: Citation `ref-gelman2013' on page 26 undefined on input line 537.


LaTeX Warning: Citation `ref-tufte2001' on page 26 undefined on input line 537.


LaTeX Warning: Citation `ref-abukhodair2013' on page 26 undefined on input line 537.


LaTeX Warning: Citation `ref-franconeri2021' on page 26 undefined on input line 537.



[26]

LaTeX Warning: Citation `ref-dimara2019' on page 27 undefined on input line 549.


LaTeX Warning: Citation `ref-unwin2006' on page 27 undefined on input line 549.


LaTeX Warning: Citation `ref-yi2007' on page 27 undefined on input line 549.


LaTeX Warning: Citation `ref-dang2010' on page 27 undefined on input line 555.


LaTeX Warning: Citation `ref-theus2008' on page 27 undefined on input line 555.


LaTeX Warning: Citation `ref-bracsoveanu2017' on page 27 undefined on input line 557.



[27]

LaTeX Warning: Citation `ref-buja1996' on page 28 undefined on input line 563.


LaTeX Warning: Citation `ref-dix1998' on page 28 undefined on input line 563.


LaTeX Warning: Citation `ref-unwin1999' on page 28 undefined on input line 563.


LaTeX Warning: Citation `ref-theus2008' on page 28 undefined on input line 563.


LaTeX Warning: Citation `ref-yi2007' on page 28 undefined on input line 563.

<./figures/zooming.png, id=211, 361.35pt x 216.81pt>
File: ./figures/zooming.png Graphic file (type png)
<use ./figures/zooming.png>
Package pdftex.def Info: ./figures/zooming.png  used on input line 567.
(pdftex.def)             Requested size: 361.36566pt x 216.81938pt.

Overfull \hbox (16.36566pt too wide) in paragraph at lines 567--568
 [][] 
 []

<./figures/panning.png, id=212, 361.35pt x 325.215pt>
File: ./figures/panning.png Graphic file (type png)
<use ./figures/panning.png>
Package pdftex.def Info: ./figures/panning.png  used on input line 578.
(pdftex.def)             Requested size: 361.37668pt x 325.23901pt.

Overfull \hbox (16.37668pt too wide) in paragraph at lines 578--579
 [][] 
 []


LaTeX Warning: Citation `ref-wilkinson2012' on page 28 undefined on input line 585.


LaTeX Warning: Citation `ref-unwin1999' on page 28 undefined on input line 585.


LaTeX Warning: Citation `ref-keim2002' on page 28 undefined on input line 585.


LaTeX Warning: Citation `ref-unwin1999' on page 28 undefined on input line 585.


LaTeX Warning: Citation `ref-yi2007' on page 28 undefined on input line 585.



[28]

[29 <./figures/zooming.png>]

[30 <./figures/panning.png>]

LaTeX Warning: Citation `ref-urbanek2003' on page 31 undefined on input line 589.


LaTeX Warning: Citation `ref-xie2014' on page 31 undefined on input line 589.

<./figures/querying.png, id=229, 361.35pt x 216.81pt>
File: ./figures/querying.png Graphic file (type png)
<use ./figures/querying.png>
Package pdftex.def Info: ./figures/querying.png  used on input line 593.
(pdftex.def)             Requested size: 361.36566pt x 216.81938pt.

Overfull \hbox (16.36566pt too wide) in paragraph at lines 593--594
 [][] 
 []


LaTeX Warning: Citation `ref-tukey1993' on page 31 undefined on input line 600.


LaTeX Warning: Citation `ref-unwin2006' on page 31 undefined on input line 600.



[31 <./figures/querying.png>]

LaTeX Warning: Hyper reference `bidirectional-communication' on page 32 undefined on input line 602.


LaTeX Warning: Citation `ref-unwin2006' on page 32 undefined on input line 604.


LaTeX Warning: Citation `ref-unwin2000' on page 32 undefined on input line 608.


LaTeX Warning: Citation `ref-unwin2006' on page 32 undefined on input line 608.

<./figures/sorting.png, id=240, 361.35pt x 216.81pt>
File: ./figures/sorting.png Graphic file (type png)
<use ./figures/sorting.png>
Package pdftex.def Info: ./figures/sorting.png  used on input line 612.
(pdftex.def)             Requested size: 361.36566pt x 216.81938pt.

Overfull \hbox (16.36566pt too wide) in paragraph at lines 612--613
 [][] 
 []


LaTeX Warning: Citation `ref-unwin2006' on page 32 undefined on input line 619.


LaTeX Warning: Citation `ref-unwin2006' on page 32 undefined on input line 619.


LaTeX Warning: Citation `ref-urbanek2011' on page 32 undefined on input line 619.


LaTeX Warning: Citation `ref-unwin2000' on page 32 undefined on input line 619.



[32]

[33 <./figures/sorting.png>]

LaTeX Warning: Citation `ref-unwin2006' on page 34 undefined on input line 621.


LaTeX Warning: Citation `ref-leman2013' on page 34 undefined on input line 625.


LaTeX Warning: Citation `ref-self2018' on page 34 undefined on input line 625.


LaTeX Warning: Citation `ref-urbanek2011' on page 34 undefined on input line 625.


LaTeX Warning: Citation `ref-bishop2006' on page 34 undefined on input line 631.


LaTeX Warning: Citation `ref-urbanek2011' on page 34 undefined on input line 631.


LaTeX Warning: Citation `ref-leman2013' on page 34 undefined on input line 633.


LaTeX Warning: Citation `ref-self2018' on page 34 undefined on input line 633.



[34{/home/adam/.TinyTeX/texmf-dist/fonts/enc/dvips/lm/lm-mathit.enc}{/home/adam/.TinyTeX/texmf-dist/fonts/enc/dvips/lm/lm-mathsy.enc}{/home/adam/.TinyTeX/texmf-dist/fonts/enc/dvips/lm/lm-rm.enc}]

LaTeX Warning: Citation `ref-shiny2024' on page 35 undefined on input line 635.


LaTeX Warning: Citation `ref-wickham2009' on page 35 undefined on input line 635.


LaTeX Warning: Citation `ref-vanderplas2020' on page 35 undefined on input line 635.


LaTeX Warning: Citation `ref-xie2014' on page 35 undefined on input line 635.


LaTeX Warning: Citation `ref-chen2008' on page 35 undefined on input line 639.


LaTeX Warning: Citation `ref-lee2022b' on page 35 undefined on input line 639.


LaTeX Warning: Citation `ref-rosling2011' on page 35 undefined on input line 641.


LaTeX Warning: Citation `ref-asimov1985' on page 35 undefined on input line 643.


LaTeX Warning: Citation `ref-buja1986' on page 35 undefined on input line 643.


LaTeX Warning: Citation `ref-cook1995' on page 35 undefined on input line 643.


LaTeX Warning: Citation `ref-cook1995' on page 35 undefined on input line 643.


LaTeX Warning: Citation `ref-wickham2011' on page 35 undefined on input line 643.


LaTeX Warning: Citation `ref-chen2008' on page 35 undefined on input line 643.


LaTeX Warning: Citation `ref-lee2022b' on page 35 undefined on input line 643.


LaTeX Warning: Citation `ref-cook1995' on page 35 undefined on input line 643.


LaTeX Warning: Citation `ref-wickham2011' on page 35 undefined on input line 643.


LaTeX Warning: Citation `ref-lee2022a' on page 35 undefined on input line 643.


LaTeX Warning: Citation `ref-lee2022b' on page 35 undefined on input line 643.



[35]

LaTeX Warning: Citation `ref-rosling2011' on page 36 undefined on input line 645.


LaTeX Warning: Citation `ref-chen2008' on page 36 undefined on input line 645.


LaTeX Warning: Citation `ref-wilkinson2012' on page 36 undefined on input line 649.


LaTeX Warning: Citation `ref-yi2007' on page 36 undefined on input line 649.

<./figures/barplot-spineplot.png, id=279, 361.35pt x 216.81pt>
File: ./figures/barplot-spineplot.png Graphic file (type png)
<use ./figures/barplot-spineplot.png>
Package pdftex.def Info: ./figures/barplot-spineplot.png  used on input line 655.
(pdftex.def)             Requested size: 361.36566pt x 216.81938pt.

Overfull \hbox (16.36566pt too wide) in paragraph at lines 655--656
 [][] 
 []


LaTeX Warning: Citation `ref-becker1987' on page 36 undefined on input line 668.


LaTeX Warning: Citation `ref-buja1996' on page 36 undefined on input line 668.


LaTeX Warning: Citation `ref-wilhelm2003' on page 36 undefined on input line 668.


LaTeX Warning: Citation `ref-heer2012' on page 36 undefined on input line 668.


LaTeX Warning: Citation `ref-ward2015' on page 36 undefined on input line 668.


LaTeX Warning: Citation `ref-ware2019' on page 36 undefined on input line 668.


LaTeX Warning: Citation `ref-dix1998' on page 36 undefined on input line 668.


LaTeX Warning: Citation `ref-wilhelm2008' on page 36 undefined on input line 668.


LaTeX Warning: Citation `ref-wills2008' on page 36 undefined on input line 668.



[36]

[37 <./figures/barplot-spineplot.png>]
<./figures/linked-selection.png, id=292, 361.35pt x 216.81pt>
File: ./figures/linked-selection.png Graphic file (type png)
<use ./figures/linked-selection.png>
Package pdftex.def Info: ./figures/linked-selection.png  used on input line 672.
(pdftex.def)             Requested size: 361.36566pt x 216.81938pt.

Overfull \hbox (16.36566pt too wide) in paragraph at lines 672--673
 [][] 
 []


LaTeX Warning: Citation `ref-wilhelm2008' on page 38 undefined on input line 679.


LaTeX Warning: Citation `ref-hauser2002' on page 38 undefined on input line 679.


LaTeX Warning: Citation `ref-splechtna2018' on page 38 undefined on input line 679.


LaTeX Warning: Citation `ref-wills2008' on page 38 undefined on input line 679.


LaTeX Warning: Citation `ref-satyanarayan2016' on page 38 undefined on input line 679.


LaTeX Warning: Citation `ref-theus2002' on page 38 undefined on input line 679.


LaTeX Warning: Citation `ref-urbanek2003' on page 38 undefined on input line 679.


LaTeX Warning: Citation `ref-wills2000' on page 38 undefined on input line 679.


LaTeX Warning: Citation `ref-wills2008' on page 38 undefined on input line 679.


LaTeX Warning: Citation `ref-satyanarayan2015' on page 38 undefined on input line 681.


LaTeX Warning: Citation `ref-satyanarayan2016' on page 38 undefined on input line 681.


LaTeX Warning: Citation `ref-theus2002' on page 38 undefined on input line 681.


LaTeX Warning: Citation `ref-urbanek2003' on page 38 undefined on input line 681.


LaTeX Warning: Citation `ref-urbanek2011' on page 38 undefined on input line 681.



[38 <./figures/linked-selection.png>]

LaTeX Warning: Citation `ref-urbanek2003' on page 39 undefined on input line 683.


LaTeX Warning: Citation `ref-wilhelm2008' on page 39 undefined on input line 683.


LaTeX Warning: Citation `ref-wills2008' on page 39 undefined on input line 683.


LaTeX Warning: Citation `ref-wilhelm2008' on page 39 undefined on input line 683.


LaTeX Warning: Citation `ref-urbanek2011' on page 39 undefined on input line 683.


LaTeX Warning: Citation `ref-wilhelm2008' on page 39 undefined on input line 685.


LaTeX Warning: Reference `stacking-part-whole' on page 39 undefined on input line 685.


LaTeX Warning: Citation `ref-ruiz2021' on page 39 undefined on input line 687.


LaTeX Warning: Citation `ref-urbanek2011' on page 39 undefined on input line 687.


LaTeX Warning: Citation `ref-pike2009' on page 39 undefined on input line 687.

<./figures/line-consistency.png, id=302, 361.35pt x 216.81pt>
File: ./figures/line-consistency.png Graphic file (type png)
<use ./figures/line-consistency.png>
Package pdftex.def Info: ./figures/line-consistency.png  used on input line 693.
(pdftex.def)             Requested size: 361.36566pt x 216.81938pt.

Overfull \hbox (16.36566pt too wide) in paragraph at lines 693--694
 [][] 
 []



[39]

LaTeX Warning: Citation `ref-brehmer2013' on page 40 undefined on input line 706.


LaTeX Warning: Citation `ref-franconeri2021' on page 40 undefined on input line 706.


LaTeX Warning: Citation `ref-sarikaya2018' on page 40 undefined on input line 706.


LaTeX Warning: Citation `ref-brehmer2013' on page 40 undefined on input line 706.


LaTeX Warning: Citation `ref-kandel2012' on page 40 undefined on input line 706.


LaTeX Warning: Citation `ref-sarikaya2018' on page 40 undefined on input line 706.


LaTeX Warning: Citation `ref-brehmer2013' on page 40 undefined on input line 706.


LaTeX Warning: Citation `ref-tufte2001' on page 40 undefined on input line 706.


Underfull \vbox (badness 2884) has occurred while \output is active []



[40 <./figures/line-consistency.png>]

LaTeX Warning: Citation `ref-brehmer2013' on page 41 undefined on input line 708.


LaTeX Warning: Citation `ref-pike2009' on page 41 undefined on input line 708.


LaTeX Warning: Citation `ref-ward2015' on page 41 undefined on input line 710.


LaTeX Warning: Citation `ref-nytimes2025' on page 41 undefined on input line 724.



[41]

LaTeX Warning: Citation `ref-franconeri2021' on page 42 undefined on input line 728.


LaTeX Warning: Citation `ref-quadri2021' on page 42 undefined on input line 728.


LaTeX Warning: Citation `ref-cleveland1984' on page 42 undefined on input line 730.


LaTeX Warning: Citation `ref-heer2010' on page 42 undefined on input line 732.


LaTeX Warning: Citation `ref-cleveland1984' on page 42 undefined on input line 732.


LaTeX Warning: Citation `ref-demiralp2014' on page 42 undefined on input line 732.


LaTeX Warning: Citation `ref-saket2017' on page 42 undefined on input line 732.


LaTeX Warning: Citation `ref-reda2018' on page 42 undefined on input line 732.


LaTeX Warning: Citation `ref-mackinlay1986' on page 42 undefined on input line 732.


LaTeX Warning: Citation `ref-franconeri2021' on page 42 undefined on input line 732.


LaTeX Warning: Citation `ref-quadri2021' on page 42 undefined on input line 732.


LaTeX Warning: Reference `scales-composition' on page 42 undefined on input line 736.


LaTeX Warning: Citation `ref-hand1996' on page 42 undefined on input line 738.


LaTeX Warning: Citation `ref-michell1986' on page 42 undefined on input line 738.


LaTeX Warning: Citation `ref-tal2025' on page 42 undefined on input line 738.


LaTeX Warning: Citation `ref-humphry2013' on page 42 undefined on input line 738.


LaTeX Warning: Citation `ref-michell2021' on page 42 undefined on input line 738.



[42]

LaTeX Warning: Citation `ref-stevens1946' on page 43 undefined on input line 740.


Overfull \hbox (219.83794pt too wide) in paragraph at lines 746--759
 [][] 
 []


LaTeX Warning: Citation `ref-stevens1946' on page 43 undefined on input line 761.


LaTeX Warning: Citation `ref-stevens1946' on page 43 undefined on input line 767.



[43]

LaTeX Warning: Citation `ref-stevens1946' on page 44 undefined on input line 769.


LaTeX Warning: Citation `ref-stevens1946' on page 44 undefined on input line 771.


LaTeX Warning: Citation `ref-krantz1971' on page 44 undefined on input line 771.


LaTeX Warning: Citation `ref-michell2021' on page 44 undefined on input line 771.


LaTeX Warning: Citation `ref-tal2025' on page 44 undefined on input line 771.


LaTeX Warning: Citation `ref-stevens1951' on page 44 undefined on input line 771.


LaTeX Warning: Citation `ref-luce1959' on page 44 undefined on input line 771.


LaTeX Warning: Citation `ref-lord1953' on page 44 undefined on input line 771.


LaTeX Warning: Citation `ref-tukey1986' on page 44 undefined on input line 771.


LaTeX Warning: Citation `ref-velleman1993' on page 44 undefined on input line 771.


LaTeX Warning: Citation `ref-wilkinson2012' on page 44 undefined on input line 771.


LaTeX Warning: Citation `ref-wilkinson2012' on page 44 undefined on input line 773.


LaTeX Warning: Citation `ref-wickham2024' on page 44 undefined on input line 773.


LaTeX Warning: Citation `ref-cleveland1985' on page 44 undefined on input line 773.


LaTeX Warning: Citation `ref-wilkinson2012' on page 44 undefined on input line 773.



[44]

[45]
Underfull \hbox (badness 5161) in paragraph at lines 874--875
\T1/lmr/m/it/10 ceed-ings of the work-ing con-fer-ence on Ad-vanced vi-sual in-ter-faces\T1/lmr/m/n/10 ,
 []



[46]

[47]

[48]

[49]

! LaTeX Error: Unicode character  (U+0301)
               not set up for use with LaTeX.

See the LaTeX manual or LaTeX Companion for explanation.
Type  H <return>  for immediate help.
 ...                                              
                                                  
l.1066 Ruiz, Jenny, Estefan
                               a Serral, and Monique Snoeck. 2021. {``Unifyi... 
Here is how much of TeX's memory you used:
 24312 strings out of 475322
 455646 string characters out of 5770296
 828963 words of memory out of 5000000
 46490 multiletter control sequences out of 15000+600000
 641387 words of font info for 92 fonts, out of 8000000 for 9000
 14 hyphenation exceptions out of 8191
 98i,9n,101p,1690b,521s stack positions out of 10000i,1000n,20000p,200000b,200000s

!  ==> Fatal error occurred, no output PDF file produced!
